<?xml version="1.0" encoding="utf-8"?><testsuites name="pytest tests"><testsuite name="pytest" errors="0" failures="0" skipped="0" tests="10" time="2.322" timestamp="2026-05-09T14:27:45.826797+00:00" hostname="agent-env-9e3d8e7b-def4-40a0-9b6c-ecb89ec9085a"><testcase classname="backend.tests.test_nominations" name="test_create_nomination_seeds_status_history" time="0.880" /><testcase classname="backend.tests.test_nominations" name="test_list_nominations_requires_admin" time="0.152" /><testcase classname="backend.tests.test_nominations" name="test_list_nominations_no_objectid_and_backfilled" time="0.144" /><testcase classname="backend.tests.test_nominations" name="test_put_requires_admin" time="0.100" /><testcase classname="backend.tests.test_nominations" name="test_put_invalid_status_returns_400" time="0.111" /><testcase classname="backend.tests.test_nominations" name="test_put_status_approved_appends_history" time="0.255" /><testcase classname="backend.tests.test_nominations" name="test_put_internal_notes" time="0.212" /><testcase classname="backend.tests.test_nominations" name="test_put_scheduled_with_date_and_link" time="0.102" /><testcase classname="backend.tests.test_nominations" name="test_put_rejection_reason" time="0.142" /><testcase classname="backend.tests.test_nominations" name="test_put_nonexistent_returns_404" time="0.134" /></testsuite></testsuites>