<?xml version="1.0" encoding="utf-8"?><testsuites name="pytest tests"><testsuite name="pytest" errors="0" failures="0" skipped="0" tests="32" time="3.821" timestamp="2026-05-09T13:27:20.697781+00:00" hostname="agent-env-9e3d8e7b-def4-40a0-9b6c-ecb89ec9085a"><testcase classname="backend.tests.backend_test.TestRoot" name="test_root" time="0.236" /><testcase classname="backend.tests.backend_test.TestStories" name="test_list_stories_seeded" time="0.053" /><testcase classname="backend.tests.backend_test.TestStories" name="test_filters_search" time="0.057" /><testcase classname="backend.tests.backend_test.TestStories" name="test_filters_age" time="0.048" /><testcase classname="backend.tests.backend_test.TestStories" name="test_filters_field" time="0.049" /><testcase classname="backend.tests.backend_test.TestStories" name="test_filters_state" time="0.051" /><testcase classname="backend.tests.backend_test.TestStories" name="test_filters_sort_az" time="0.054" /><testcase classname="backend.tests.backend_test.TestStories" name="test_get_story_by_slug" time="0.052" /><testcase classname="backend.tests.backend_test.TestStories" name="test_get_story_404" time="0.047" /><testcase classname="backend.tests.backend_test.TestStats" name="test_stats" time="0.048" /><testcase classname="backend.tests.backend_test.TestStats" name="test_categories" time="0.048" /><testcase classname="backend.tests.backend_test.TestAuth" name="test_login_success" time="0.271" /><testcase classname="backend.tests.backend_test.TestAuth" name="test_login_bad" time="0.272" /><testcase classname="backend.tests.backend_test.TestAuth" name="test_me_requires_token" time="0.048" /><testcase classname="backend.tests.backend_test.TestAuth" name="test_me_with_token" time="0.396" /><testcase classname="backend.tests.backend_test.TestNominations" name="test_create_nomination" time="0.050" /><testcase classname="backend.tests.backend_test.TestNominations" name="test_create_nomination_missing_required" time="0.052" /><testcase classname="backend.tests.backend_test.TestNominations" name="test_list_nominations_admin" time="0.111" /><testcase classname="backend.tests.backend_test.TestNominations" name="test_list_nominations_unauth" time="0.051" /><testcase classname="backend.tests.backend_test.TestComments" name="test_create_and_list" time="0.212" /><testcase classname="backend.tests.backend_test.TestComments" name="test_empty_comment_rejected" time="0.048" /><testcase classname="backend.tests.backend_test.TestReactions" name="test_reaction_increments" time="0.150" /><testcase classname="backend.tests.backend_test.TestReactions" name="test_reaction_invalid_type" time="0.045" /><testcase classname="backend.tests.backend_test.TestReactions" name="test_reaction_by_slug" time="0.049" /><testcase classname="backend.tests.backend_test.TestNewsletter" name="test_subscribe" time="0.047" /><testcase classname="backend.tests.backend_test.TestNewsletter" name="test_subscribe_bad_email" time="0.046" /><testcase classname="backend.tests.backend_test.TestStoryAdminCRUD" name="test_create_unauth" time="0.045" /><testcase classname="backend.tests.backend_test.TestStoryAdminCRUD" name="test_create_story" time="0.213" /><testcase classname="backend.tests.backend_test.TestStoryAdminCRUD" name="test_update_story" time="0.102" /><testcase classname="backend.tests.backend_test.TestStoryAdminCRUD" name="test_delete_story" time="0.209" /><testcase classname="backend.tests.backend_test.TestUpload" name="test_upload_image" time="0.474" /><testcase classname="backend.tests.backend_test.TestUpload" name="test_upload_invalid_type" time="0.110" /></testsuite></testsuites>